make all --print-data-base --no-builtin-variables --no-builtin-rules --question
# GNU Make 3.81
# Copyright (C) 2006  Free Software Foundation, Inc.
# This is free software; see the source for copying conditions.
# There is NO warranty; not even for MERCHANTABILITY or FITNESS FOR A
# PARTICULAR PURPOSE.

# This program built for i386-apple-darwin11.3.0
 
make: *** No rule to make target `all'.  Stop.


# Make data base, printed on Fri Jun 10 14:18:18 2022

# Variables

# automatic
<D = $(patsubst %/,%,$(dir $<))
# automatic
?F = $(notdir $?)
# makefile (from `.envrc', line 7)
AWS_SECRET_ACCESS_KEY = CYhNZQDDF0jC3clbnv9QXiaXTZZtjPEfpx0zkRDJ
# environment
VSCODE_LOG_NATIVE = false
# automatic
?D = $(patsubst %/,%,$(dir $?))
# automatic
@D = $(patsubst %/,%,$(dir $@))
# automatic
@F = $(notdir $@)
# makefile
 
CURDIR := /Users/kervin/Documents/kin-api
# makefile
SHELL = /bin/sh
# environment
VSCODE_NLS_CONFIG = {"locale":"en-us","availableLanguages":{},"_languagePackSupport":true}
# environment
_ = /usr/bin/make
# makefile (from `.envrc', line 1)
MAKEFILE_LIST :=  Makefile .envrc
# environment
VSCODE_AMD_ENTRYPOINT = vs/workbench/api/node/extensionHostProcess
# environment
VSCODE_VERBOSE_LOGGING = true
# environment
__CFBundleIdentifier = com.microsoft.VSCode
# environment
INFOPATH = /opt/homebrew/share/info:
# environment
VSCODE_IPC_HOOK_EXTHOST = /var/folders/48/vg8936dx17j9pqslg2hm5h_c0000gn/T/vscode-ipc-eb62f723-cdf0-4a7c-98ba-e8e2968f2bc0.sock
# environment
VSCODE_CWD = /
# environment
GOPROXY = https://proxy.golang.org,direct
# environment
PATH = /opt/homebrew/bin:/opt/homebrew/sbin:/usr/local/bin:/usr/bin:/bin:/usr/sbin:/sbin:/usr/local/go/bin
# makefile (from `Makefile', line 77)
current_time = $(shell date --iso-8601=seconds)
# environment
GOPATH = /Users/kervin/go
# makefile (from `Makefile', line 79)
linker_flags = '-s -X main.buildTime=${current_time} -X main.version=${git_description}'
# environment
VSCODE_LOG_STACK = false
# environment
ELECTRON_RUN_AS_NODE = 1
# default
.FEATURES := target-specific order-only second-expansion else-if archives jobserver check-symlink
# makefile (from `.envrc', line 3)
DB_DSN = "postgres://root:vrwYlxDa0mxM@kin-production.cc5yxrwtsz6l.ap-southeast-1.rds.amazonaws.com:5432/kin"
# environment
SSH_AUTH_SOCK = /private/tmp/com.apple.launchd.RwHJ6a7hfi/Listeners
# automatic
%F = $(notdir $%)
# environment
VSCODE_PIPE_LOGGING = true
# environment
PWD = /Users/kervin/Documents/kin-api
# environment
HOMEBREW_CELLAR = /opt/homebrew/Cellar
# environment
ORIGINAL_XDG_CURRENT_DESKTOP = undefined
# environment
MANPATH = /opt/homebrew/share/man::
# environment
GOMODCACHE = /Users/kervin/go/pkg/mod
# environment
HOME = /Users/kervin
# default
MAKEFILEPATH = $(shell /usr/bin/xcode-select -print-path 2>/dev/null || echo /Developer)/Makefiles
# environment
VSCODE_CODE_CACHE_PATH = /Users/kervin/Library/Application Support/Code/CachedData/c3511e6c69bb39013c4a4b7b9566ec1ca73fc4d5
# environment
LOGNAME = kervin
# environment
APPLICATION_INSIGHTS_NO_DIAGNOSTIC_CHANNEL = 1
# environment
VSCODE_HANDLES_UNCAUGHT_ERRORS = true
# automatic
^D = $(patsubst %/,%,$(dir $^))
# environment
XPC_FLAGS = 0x0
# default
MAKE = $(MAKE_COMMAND)
# default
MAKECMDGOALS := all
# environment
SHLVL = 1
# default
MAKE_VERSION := 3.81
# environment
USER = kervin
# makefile
.DEFAULT_GOAL := help
# automatic
%D = $(patsubst %/,%,$(dir $%))
# makefile (from `.envrc', line 6)
AWS_ACCESS_KEY_ID = AKIAVQAV2PVA3CNQPVLQ
# default
MAKE_COMMAND := /Library/Developer/CommandLineTools/usr/bin/make
# default
.VARIABLES := 
# environment
TMPDIR = /var/folders/48/vg8936dx17j9pqslg2hm5h_c0000gn/T/
# automatic
*F = $(notdir $*)
# environment
VSCODE_IPC_HOOK = /Users/kervin/Library/Application Support/Code/1.67.2-main.sock
# makefile
MAKEFLAGS = Rrqp
# environment
MFLAGS = -Rrqp
# automatic
*D = $(patsubst %/,%,$(dir $*))
# environment
XPC_SERVICE_NAME = application.com.microsoft.VSCode.8184449.8184455
# environment
HOMEBREW_PREFIX = /opt/homebrew
# automatic
+D = $(patsubst %/,%,$(dir $+))
# automatic
+F = $(notdir $+)
# environment
HOMEBREW_REPOSITORY = /opt/homebrew
# makefile (from `Makefile', line 78)
git_description = $(shell git describe --always --dirty --tags --long)
# environment
__CF_USER_TEXT_ENCODING = 0x1F5:0x0:0x0
# environment
COMMAND_MODE = unix2003
# default
MAKEFILES := 
# makefile (from `.envrc', line 9)
XENDIT_SECRET_KEY = xnd_development_AnLB9xJzczQCzNW2CVUkcsJc45AdACSuWrHJEXLt0qpl4kj4ZjC78rPjgODudsq3
# automatic
<F = $(notdir $<)
# environment
LC_ALL = C
# makefile (from `Makefile', line 95)
production_host_ip = 'ec2-54-151-175-100.ap-southeast-1.compute.amazonaws.com'
# automatic
^F = $(notdir $^)
# default
SUFFIXES := 
# default
.INCLUDE_DIRS = /usr/local/include
# makefile (from `.envrc', line 5)
AWS_REGION = ap-southeast-1
# environment
MAKELEVEL := 0
# environment
LANG = C
# environment
VSCODE_PID = 1308
# makefile (from `.envrc', line 10)
XENDIT_CALLBACK_VERIFICATION_TOKEN = b8f54fc11fafd8b69cb9bb4f37c2be27307a7e30a91e8a477a3986fadd672967
# variable set hash-table stats:
# Load=80/1024=8%, Rehash=0, Collisions=4/106=4%

# Pattern-specific Variable Values

# No pattern-specific variable values.

# Directories

# . (device 16777232, inode 2988838): 18 files, no impossibilities.

# 18 files, no impossibilities in 1 directories.

# Implicit Rules

# No implicit rules.

# Files

# Not a target:
all:
#  Command-line target.
#  Implicit rule search has been done.
#  File does not exist.
#  File has not been updated.
# variable set hash-table stats:
# Load=0/32=0%, Rehash=0, Collisions=0/0=0%

.PHONY: help confirm run/api db/psql db/migrations/new db/migrations/up db/migrations/down/1 audit vendor build/api production/configure/kin.service
#  Implicit rule search has not been done.
#  Modification time never checked.
#  File has not been updated.

db/migrations/new:
#  Phony target (prerequisite of .PHONY).
#  Implicit rule search has not been done.
#  File does not exist.
#  File has not been updated.
#  commands to execute (from `Makefile', line 34):
	@echo 'Creating migration files for ${name}'
	migrate create -seq -ext=.sql -dir=./migrations ${name}
	

# Not a target:
.SUFFIXES:
#  Implicit rule search has not been done.
#  Modification time never checked.
#  File has not been updated.

# Not a target:
Makefile:
#  Implicit rule search has been done.
#  Last modified 2022-04-24 11:48:47
#  File has been updated.
#  Successfully updated.
# variable set hash-table stats:
# Load=0/32=0%, Rehash=0, Collisions=0/0=0%

production/configure/kin.service:
#  Phony target (prerequisite of .PHONY).
#  Implicit rule search has not been done.
#  File does not exist.
#  File has not been updated.
#  commands to execute (from `Makefile', line 100):
	rsync -P ./remote/production/api.service ubuntu@${production_host_ip}:~ 
	ssh -t ubuntu@${production_host_ip} '\
	sudo mv ~/kin.service /etc/systemd/system/ \ && sudo systemctl enable kin \
	&& sudo systemctl restart kin \
	

confirm:
#  Phony target (prerequisite of .PHONY).
#  Implicit rule search has not been done.
#  File does not exist.
#  File has not been updated.
#  commands to execute (from `Makefile', line 15):
	@echo -n 'Are you sure? [y/N] ' && read ans && [ $${ans: -N} = y ]
	

help:
#  Phony target (prerequisite of .PHONY).
#  Implicit rule search has not been done.
#  File does not exist.
#  File has not been updated.
#  commands to execute (from `Makefile', line 10):
	@echo 'Usage:'
	@sed -n 's/^##//p' ${MAKEFILE_LIST} | column -t -s ':' | sed -e 's/^/ /'
	

build/api:
#  Phony target (prerequisite of .PHONY).
#  Implicit rule search has not been done.
#  File does not exist.
#  File has not been updated.
#  commands to execute (from `Makefile', line 84):
	@echo 'Building cmd/api...'
	go build -ldflags=${linker_flags} -o=./bin/api ./cmd/api
	GOOS=linux GOARCH=amd64 go build -ldflags=${linker_flags} -o=./bin/linux_amd64/api ./cmd/api
	

# Not a target:
.DEFAULT:
#  Implicit rule search has not been done.
#  Modification time never checked.
#  File has not been updated.

audit: vendor
#  Phony target (prerequisite of .PHONY).
#  Implicit rule search has not been done.
#  File does not exist.
#  File has not been updated.
#  commands to execute (from `Makefile', line 56):
	@echo 'Formatting code...'
	go fmt ./...
	@echo 'Vetting code...'
	go vet ./...
	staticcheck ./...
	@echo 'Running tests...'
	go test -race -vet=off ./...
	

db/psql:
#  Phony target (prerequisite of .PHONY).
#  Implicit rule search has not been done.
#  File does not exist.
#  File has not been updated.
#  commands to execute (from `Makefile', line 29):
	psql ${DB_DSN}
	

db/migrations/up: confirm
#  Phony target (prerequisite of .PHONY).
#  Implicit rule search has not been done.
#  File does not exist.
#  File has not been updated.
#  commands to execute (from `Makefile', line 40):
	@echo 'Running up migrations...'
	migrate -path=./migrations -database ${DB_DSN} up
	

# Not a target:
.envrc:
 
#  Implicit rule search has been done.
#  Last modified 2022-06-09 10:28:40
#  File has been updated.
#  Successfully updated.
# variable set hash-table stats:
# Load=0/32=0%, Rehash=0, Collisions=0/0=0%

db/migrations/down/1: confirm
#  Phony target (prerequisite of .PHONY).
#  Implicit rule search has not been done.
#  File does not exist.
#  File has not been updated.
#  commands to execute (from `Makefile', line 46):
	@echo 'Running down migrations by 1...'
	migrate -path=./migrations -database ${DB_DSN} down 1
	

run/api:
#  Phony target (prerequisite of .PHONY).
#  Implicit rule search has not been done.
#  File does not exist.
#  File has not been updated.
#  commands to execute (from `Makefile', line 24):
	go run ./cmd/api -db-dsn=${DB_DSN}
	

vendor:
#  Phony target (prerequisite of .PHONY).
#  Implicit rule search has not been done.
#  File does not exist.
#  File has not been updated.
#  commands to execute (from `Makefile', line 67):
	@echo 'Tidying and verifying module dependencies...'
	go mod tidy
	go mod verify
	@echo 'Vendoring dependencies...'
	go mod vendor
	

# files hash-table stats:
# Load=17/1024=2%, Rehash=0, Collisions=0/54=0%
# VPATH Search Paths

# No `vpath' search paths.

# No general (`VPATH' variable) search path.

# # of strings in strcache: 2
# # of strcache buffers: 1
# strcache size: total = 4096 / max = 4096 / min = 4096 / avg = 4096
# strcache free: total = 4080 / max = 4080 / min = 4080 / avg = 4080

# Finished Make data base on Fri Jun 10 14:18:18 2022

 
